{"C:\\Users\\Monta\\OneDrive\\Desktop\\EncryptHer\\encrypther\\src\\scripts\\performance-monitor.ts": {"path":"C:\\Users\\Monta\\OneDrive\\Desktop\\EncryptHer\\encrypther\\src\\scripts\\performance-monitor.ts","statementMap":{"0":{"start":{"line":21,"column":37},"end":{"line":21,"column":null}},"1":{"start":{"line":22,"column":14},"end":{"line":22,"column":null}},"2":{"start":{"line":28,"column":2},"end":{"line":28,"column":null}},"3":{"start":{"line":28,"column":14},"end":{"line":28,"column":null}},"4":{"start":{"line":30,"column":17},"end":{"line":32,"column":null}},"5":{"start":{"line":34,"column":2},"end":{"line":34,"column":null}},"6":{"start":{"line":41,"column":2},"end":{"line":55,"column":null}},"7":{"start":{"line":42,"column":21},"end":{"line":50,"column":null}},"8":{"start":{"line":43,"column":22},"end":{"line":43,"column":null}},"9":{"start":{"line":44,"column":24},"end":{"line":44,"column":null}},"10":{"start":{"line":46,"column":6},"end":{"line":49,"column":null}},"11":{"start":{"line":47,"column":8},"end":{"line":47,"column":null}},"12":{"start":{"line":48,"column":8},"end":{"line":48,"column":null}},"13":{"start":{"line":52,"column":4},"end":{"line":52,"column":null}},"14":{"start":{"line":54,"column":4},"end":{"line":54,"column":null}},"15":{"start":{"line":54,"column":15},"end":{"line":54,"column":null}},"16":{"start":{"line":62,"column":2},"end":{"line":74,"column":null}},"17":{"start":{"line":63,"column":21},"end":{"line":69,"column":null}},"18":{"start":{"line":64,"column":22},"end":{"line":64,"column":null}},"19":{"start":{"line":65,"column":6},"end":{"line":68,"column":null}},"20":{"start":{"line":66,"column":8},"end":{"line":66,"column":null}},"21":{"start":{"line":67,"column":8},"end":{"line":67,"column":null}},"22":{"start":{"line":71,"column":4},"end":{"line":71,"column":null}},"23":{"start":{"line":73,"column":4},"end":{"line":73,"column":null}},"24":{"start":{"line":73,"column":15},"end":{"line":73,"column":null}},"25":{"start":{"line":81,"column":2},"end":{"line":101,"column":null}},"26":{"start":{"line":82,"column":19},"end":{"line":82,"column":null}},"27":{"start":{"line":84,"column":21},"end":{"line":96,"column":null}},"28":{"start":{"line":85,"column":22},"end":{"line":85,"column":null}},"29":{"start":{"line":86,"column":6},"end":{"line":91,"column":null}},"30":{"start":{"line":87,"column":8},"end":{"line":90,"column":null}},"31":{"start":{"line":88,"column":10},"end":{"line":88,"column":null}},"32":{"start":{"line":89,"column":10},"end":{"line":89,"column":null}},"33":{"start":{"line":93,"column":6},"end":{"line":95,"column":null}},"34":{"start":{"line":94,"column":8},"end":{"line":94,"column":null}},"35":{"start":{"line":98,"column":4},"end":{"line":98,"column":null}},"36":{"start":{"line":100,"column":4},"end":{"line":100,"column":null}},"37":{"start":{"line":100,"column":15},"end":{"line":100,"column":null}},"38":{"start":{"line":108,"column":2},"end":{"line":117,"column":null}},"39":{"start":{"line":109,"column":28},"end":{"line":109,"column":null}},"40":{"start":{"line":111,"column":4},"end":{"line":114,"column":null}},"41":{"start":{"line":112,"column":6},"end":{"line":112,"column":null}},"42":{"start":{"line":113,"column":6},"end":{"line":113,"column":null}},"43":{"start":{"line":116,"column":4},"end":{"line":116,"column":null}},"44":{"start":{"line":116,"column":15},"end":{"line":116,"column":null}},"45":{"start":{"line":124,"column":2},"end":{"line":138,"column":null}},"46":{"start":{"line":125,"column":21},"end":{"line":133,"column":null}},"47":{"start":{"line":126,"column":22},"end":{"line":126,"column":null}},"48":{"start":{"line":127,"column":6},"end":{"line":132,"column":null}},"49":{"start":{"line":128,"column":8},"end":{"line":131,"column":null}},"50":{"start":{"line":129,"column":10},"end":{"line":129,"column":null}},"51":{"start":{"line":130,"column":10},"end":{"line":130,"column":null}},"52":{"start":{"line":135,"column":4},"end":{"line":135,"column":null}},"53":{"start":{"line":137,"column":4},"end":{"line":137,"column":null}},"54":{"start":{"line":137,"column":15},"end":{"line":137,"column":null}},"55":{"start":{"line":145,"column":2},"end":{"line":145,"column":null}},"56":{"start":{"line":152,"column":2},"end":{"line":152,"column":null}},"57":{"start":{"line":152,"column":14},"end":{"line":152,"column":null}},"58":{"start":{"line":154,"column":2},"end":{"line":154,"column":null}},"59":{"start":{"line":155,"column":2},"end":{"line":155,"column":null}},"60":{"start":{"line":156,"column":2},"end":{"line":156,"column":null}},"61":{"start":{"line":163,"column":2},"end":{"line":163,"column":null}},"62":{"start":{"line":163,"column":14},"end":{"line":163,"column":null}},"63":{"start":{"line":165,"column":2},"end":{"line":184,"column":null}},"64":{"start":{"line":166,"column":4},"end":{"line":166,"column":null}},"65":{"start":{"line":168,"column":4},"end":{"line":168,"column":null}},"66":{"start":{"line":169,"column":4},"end":{"line":169,"column":null}},"67":{"start":{"line":170,"column":4},"end":{"line":170,"column":null}},"68":{"start":{"line":171,"column":4},"end":{"line":171,"column":null}},"69":{"start":{"line":172,"column":4},"end":{"line":172,"column":null}},"70":{"start":{"line":175,"column":4},"end":{"line":181,"column":null}},"71":{"start":{"line":176,"column":6},"end":{"line":176,"column":null}},"72":{"start":{"line":178,"column":6},"end":{"line":180,"column":null}},"73":{"start":{"line":179,"column":8},"end":{"line":179,"column":null}},"74":{"start":{"line":183,"column":4},"end":{"line":183,"column":null}},"75":{"start":{"line":188,"column":0},"end":{"line":194,"column":null}},"76":{"start":{"line":189,"column":2},"end":{"line":193,"column":null}},"77":{"start":{"line":190,"column":4},"end":{"line":190,"column":null}},"78":{"start":{"line":192,"column":4},"end":{"line":192,"column":null}}},"fnMap":{"0":{"name":"logMetric","decl":{"start":{"line":27,"column":9},"end":{"line":27,"column":19}},"loc":{"start":{"line":27,"column":110},"end":{"line":35,"column":null}},"line":27},"1":{"name":"trackLCP","decl":{"start":{"line":40,"column":9},"end":{"line":40,"column":26}},"loc":{"start":{"line":40,"column":26},"end":{"line":56,"column":null}},"line":40},"2":{"name":"(anonymous_2)","decl":{"start":{"line":42,"column":45},"end":{"line":42,"column":46}},"loc":{"start":{"line":42,"column":55},"end":{"line":50,"column":5}},"line":42},"3":{"name":"trackFID","decl":{"start":{"line":61,"column":9},"end":{"line":61,"column":26}},"loc":{"start":{"line":61,"column":26},"end":{"line":75,"column":null}},"line":61},"4":{"name":"(anonymous_4)","decl":{"start":{"line":63,"column":45},"end":{"line":63,"column":46}},"loc":{"start":{"line":63,"column":55},"end":{"line":69,"column":5}},"line":63},"5":{"name":"(anonymous_5)","decl":{"start":{"line":65,"column":22},"end":{"line":65,"column":23}},"loc":{"start":{"line":65,"column":38},"end":{"line":68,"column":7}},"line":65},"6":{"name":"trackCLS","decl":{"start":{"line":80,"column":9},"end":{"line":80,"column":26}},"loc":{"start":{"line":80,"column":26},"end":{"line":102,"column":null}},"line":80},"7":{"name":"(anonymous_7)","decl":{"start":{"line":84,"column":45},"end":{"line":84,"column":46}},"loc":{"start":{"line":84,"column":55},"end":{"line":96,"column":5}},"line":84},"8":{"name":"(anonymous_8)","decl":{"start":{"line":86,"column":22},"end":{"line":86,"column":23}},"loc":{"start":{"line":86,"column":38},"end":{"line":91,"column":7}},"line":86},"9":{"name":"trackTTFB","decl":{"start":{"line":107,"column":9},"end":{"line":107,"column":27}},"loc":{"start":{"line":107,"column":27},"end":{"line":118,"column":null}},"line":107},"10":{"name":"trackFCP","decl":{"start":{"line":123,"column":9},"end":{"line":123,"column":26}},"loc":{"start":{"line":123,"column":26},"end":{"line":139,"column":null}},"line":123},"11":{"name":"(anonymous_11)","decl":{"start":{"line":125,"column":45},"end":{"line":125,"column":46}},"loc":{"start":{"line":125,"column":55},"end":{"line":133,"column":5}},"line":125},"12":{"name":"(anonymous_12)","decl":{"start":{"line":127,"column":22},"end":{"line":127,"column":23}},"loc":{"start":{"line":127,"column":33},"end":{"line":132,"column":7}},"line":127},"13":{"name":"getMetrics","decl":{"start":{"line":144,"column":16},"end":{"line":144,"column":49}},"loc":{"start":{"line":144,"column":49},"end":{"line":146,"column":null}},"line":144},"14":{"name":"logSummary","decl":{"start":{"line":151,"column":16},"end":{"line":151,"column":35}},"loc":{"start":{"line":151,"column":35},"end":{"line":157,"column":null}},"line":151},"15":{"name":"initPerformanceMonitoring","decl":{"start":{"line":162,"column":16},"end":{"line":162,"column":50}},"loc":{"start":{"line":162,"column":50},"end":{"line":185,"column":null}},"line":162},"16":{"name":"(anonymous_16)","decl":{"start":{"line":178,"column":38},"end":{"line":178,"column":44}},"loc":{"start":{"line":178,"column":44},"end":{"line":180,"column":7}},"line":178}},"branchMap":{"0":{"loc":{"start":{"line":28,"column":2},"end":{"line":28,"column":null}},"type":"if","locations":[{"start":{"line":28,"column":2},"end":{"line":28,"column":null}},{"start":{},"end":{}}],"line":28},"1":{"loc":{"start":{"line":30,"column":17},"end":{"line":32,"column":null}},"type":"cond-expr","locations":[{"start":{"line":30,"column":44},"end":{"line":30,"column":null}},{"start":{"line":31,"column":17},"end":{"line":32,"column":null}}],"line":30},"2":{"loc":{"start":{"line":31,"column":17},"end":{"line":32,"column":null}},"type":"cond-expr","locations":[{"start":{"line":31,"column":56},"end":{"line":31,"column":null}},{"start":{"line":32,"column":17},"end":{"line":32,"column":null}}],"line":31},"3":{"loc":{"start":{"line":46,"column":6},"end":{"line":49,"column":null}},"type":"if","locations":[{"start":{"line":46,"column":6},"end":{"line":49,"column":null}},{"start":{},"end":{}}],"line":46},"4":{"loc":{"start":{"line":47,"column":22},"end":{"line":47,"column":null}},"type":"binary-expr","locations":[{"start":{"line":47,"column":22},"end":{"line":47,"column":46}},{"start":{"line":47,"column":46},"end":{"line":47,"column":null}}],"line":47},"5":{"loc":{"start":{"line":54,"column":4},"end":{"line":54,"column":null}},"type":"if","locations":[{"start":{"line":54,"column":4},"end":{"line":54,"column":null}},{"start":{},"end":{}}],"line":54},"6":{"loc":{"start":{"line":73,"column":4},"end":{"line":73,"column":null}},"type":"if","locations":[{"start":{"line":73,"column":4},"end":{"line":73,"column":null}},{"start":{},"end":{}}],"line":73},"7":{"loc":{"start":{"line":87,"column":8},"end":{"line":90,"column":null}},"type":"if","locations":[{"start":{"line":87,"column":8},"end":{"line":90,"column":null}},{"start":{},"end":{}}],"line":87},"8":{"loc":{"start":{"line":93,"column":6},"end":{"line":95,"column":null}},"type":"if","locations":[{"start":{"line":93,"column":6},"end":{"line":95,"column":null}},{"start":{},"end":{}}],"line":93},"9":{"loc":{"start":{"line":100,"column":4},"end":{"line":100,"column":null}},"type":"if","locations":[{"start":{"line":100,"column":4},"end":{"line":100,"column":null}},{"start":{},"end":{}}],"line":100},"10":{"loc":{"start":{"line":111,"column":4},"end":{"line":114,"column":null}},"type":"if","locations":[{"start":{"line":111,"column":4},"end":{"line":114,"column":null}},{"start":{},"end":{}}],"line":111},"11":{"loc":{"start":{"line":116,"column":4},"end":{"line":116,"column":null}},"type":"if","locations":[{"start":{"line":116,"column":4},"end":{"line":116,"column":null}},{"start":{},"end":{}}],"line":116},"12":{"loc":{"start":{"line":128,"column":8},"end":{"line":131,"column":null}},"type":"if","locations":[{"start":{"line":128,"column":8},"end":{"line":131,"column":null}},{"start":{},"end":{}}],"line":128},"13":{"loc":{"start":{"line":137,"column":4},"end":{"line":137,"column":null}},"type":"if","locations":[{"start":{"line":137,"column":4},"end":{"line":137,"column":null}},{"start":{},"end":{}}],"line":137},"14":{"loc":{"start":{"line":152,"column":2},"end":{"line":152,"column":null}},"type":"if","locations":[{"start":{"line":152,"column":2},"end":{"line":152,"column":null}},{"start":{},"end":{}}],"line":152},"15":{"loc":{"start":{"line":163,"column":2},"end":{"line":163,"column":null}},"type":"if","locations":[{"start":{"line":163,"column":2},"end":{"line":163,"column":null}},{"start":{},"end":{}}],"line":163},"16":{"loc":{"start":{"line":175,"column":4},"end":{"line":181,"column":null}},"type":"if","locations":[{"start":{"line":175,"column":4},"end":{"line":181,"column":null}},{"start":{"line":177,"column":11},"end":{"line":181,"column":null}}],"line":175},"17":{"loc":{"start":{"line":188,"column":0},"end":{"line":194,"column":null}},"type":"if","locations":[{"start":{"line":188,"column":0},"end":{"line":194,"column":null}},{"start":{},"end":{}}],"line":188},"18":{"loc":{"start":{"line":189,"column":2},"end":{"line":193,"column":null}},"type":"if","locations":[{"start":{"line":189,"column":2},"end":{"line":193,"column":null}},{"start":{"line":191,"column":9},"end":{"line":193,"column":null}}],"line":189}},"s":{"0":1,"1":1,"2":0,"3":0,"4":0,"5":0,"6":9,"7":9,"8":0,"9":0,"10":0,"11":0,"12":0,"13":9,"14":0,"15":0,"16":9,"17":9,"18":0,"19":0,"20":0,"21":0,"22":9,"23":0,"24":0,"25":9,"26":9,"27":9,"28":0,"29":0,"30":0,"31":0,"32":0,"33":0,"34":0,"35":9,"36":0,"37":0,"38":9,"39":9,"40":9,"41":0,"42":0,"43":0,"44":0,"45":9,"46":9,"47":0,"48":0,"49":0,"50":0,"51":0,"52":9,"53":0,"54":0,"55":4,"56":2,"57":0,"58":2,"59":2,"60":2,"61":9,"62":0,"63":9,"64":9,"65":9,"66":9,"67":9,"68":9,"69":9,"70":9,"71":9,"72":0,"73":0,"74":0,"75":1,"76":1,"77":0,"78":1},"f":{"0":0,"1":9,"2":0,"3":9,"4":0,"5":0,"6":9,"7":0,"8":0,"9":9,"10":9,"11":0,"12":0,"13":4,"14":2,"15":9,"16":0},"b":{"0":[0,0],"1":[0,0],"2":[0,0],"3":[0,0],"4":[0,0],"5":[0,0],"6":[0,0],"7":[0,0],"8":[0,0],"9":[0,0],"10":[0,9],"11":[0,0],"12":[0,0],"13":[0,0],"14":[0,2],"15":[0,9],"16":[9,0],"17":[1,0],"18":[0,1]},"meta":{"lastBranch":19,"lastFunction":17,"lastStatement":79,"seen":{"s:21:37:21:Infinity":0,"s:22:14:22:Infinity":1,"f:27:9:27:19":0,"b:28:2:28:Infinity:undefined:undefined:undefined:undefined":0,"s:28:2:28:Infinity":2,"s:28:14:28:Infinity":3,"s:30:17:32:Infinity":4,"b:30:44:30:Infinity:31:17:32:Infinity":1,"b:31:56:31:Infinity:32:17:32:Infinity":2,"s:34:2:34:Infinity":5,"f:40:9:40:26":1,"s:41:2:55:Infinity":6,"s:42:21:50:Infinity":7,"f:42:45:42:46":2,"s:43:22:43:Infinity":8,"s:44:24:44:Infinity":9,"b:46:6:49:Infinity:undefined:undefined:undefined:undefined":3,"s:46:6:49:Infinity":10,"s:47:8:47:Infinity":11,"b:47:22:47:46:47:46:47:Infinity":4,"s:48:8:48:Infinity":12,"s:52:4:52:Infinity":13,"b:54:4:54:Infinity:undefined:undefined:undefined:undefined":5,"s:54:4:54:Infinity":14,"s:54:15:54:Infinity":15,"f:61:9:61:26":3,"s:62:2:74:Infinity":16,"s:63:21:69:Infinity":17,"f:63:45:63:46":4,"s:64:22:64:Infinity":18,"s:65:6:68:Infinity":19,"f:65:22:65:23":5,"s:66:8:66:Infinity":20,"s:67:8:67:Infinity":21,"s:71:4:71:Infinity":22,"b:73:4:73:Infinity:undefined:undefined:undefined:undefined":6,"s:73:4:73:Infinity":23,"s:73:15:73:Infinity":24,"f:80:9:80:26":6,"s:81:2:101:Infinity":25,"s:82:19:82:Infinity":26,"s:84:21:96:Infinity":27,"f:84:45:84:46":7,"s:85:22:85:Infinity":28,"s:86:6:91:Infinity":29,"f:86:22:86:23":8,"b:87:8:90:Infinity:undefined:undefined:undefined:undefined":7,"s:87:8:90:Infinity":30,"s:88:10:88:Infinity":31,"s:89:10:89:Infinity":32,"b:93:6:95:Infinity:undefined:undefined:undefined:undefined":8,"s:93:6:95:Infinity":33,"s:94:8:94:Infinity":34,"s:98:4:98:Infinity":35,"b:100:4:100:Infinity:undefined:undefined:undefined:undefined":9,"s:100:4:100:Infinity":36,"s:100:15:100:Infinity":37,"f:107:9:107:27":9,"s:108:2:117:Infinity":38,"s:109:28:109:Infinity":39,"b:111:4:114:Infinity:undefined:undefined:undefined:undefined":10,"s:111:4:114:Infinity":40,"s:112:6:112:Infinity":41,"s:113:6:113:Infinity":42,"b:116:4:116:Infinity:undefined:undefined:undefined:undefined":11,"s:116:4:116:Infinity":43,"s:116:15:116:Infinity":44,"f:123:9:123:26":10,"s:124:2:138:Infinity":45,"s:125:21:133:Infinity":46,"f:125:45:125:46":11,"s:126:22:126:Infinity":47,"s:127:6:132:Infinity":48,"f:127:22:127:23":12,"b:128:8:131:Infinity:undefined:undefined:undefined:undefined":12,"s:128:8:131:Infinity":49,"s:129:10:129:Infinity":50,"s:130:10:130:Infinity":51,"s:135:4:135:Infinity":52,"b:137:4:137:Infinity:undefined:undefined:undefined:undefined":13,"s:137:4:137:Infinity":53,"s:137:15:137:Infinity":54,"f:144:16:144:49":13,"s:145:2:145:Infinity":55,"f:151:16:151:35":14,"b:152:2:152:Infinity:undefined:undefined:undefined:undefined":14,"s:152:2:152:Infinity":56,"s:152:14:152:Infinity":57,"s:154:2:154:Infinity":58,"s:155:2:155:Infinity":59,"s:156:2:156:Infinity":60,"f:162:16:162:50":15,"b:163:2:163:Infinity:undefined:undefined:undefined:undefined":15,"s:163:2:163:Infinity":61,"s:163:14:163:Infinity":62,"s:165:2:184:Infinity":63,"s:166:4:166:Infinity":64,"s:168:4:168:Infinity":65,"s:169:4:169:Infinity":66,"s:170:4:170:Infinity":67,"s:171:4:171:Infinity":68,"s:172:4:172:Infinity":69,"b:175:4:181:Infinity:177:11:181:Infinity":16,"s:175:4:181:Infinity":70,"s:176:6:176:Infinity":71,"s:178:6:180:Infinity":72,"f:178:38:178:44":16,"s:179:8:179:Infinity":73,"s:183:4:183:Infinity":74,"b:188:0:194:Infinity:undefined:undefined:undefined:undefined":17,"s:188:0:194:Infinity":75,"b:189:2:193:Infinity:191:9:193:Infinity":18,"s:189:2:193:Infinity":76,"s:190:4:190:Infinity":77,"s:192:4:192:Infinity":78}}}
,"C:\\Users\\Monta\\OneDrive\\Desktop\\EncryptHer\\encrypther\\src\\scripts\\prefetch.ts": {"path":"C:\\Users\\Monta\\OneDrive\\Desktop\\EncryptHer\\encrypther\\src\\scripts\\prefetch.ts","statementMap":{"0":{"start":{"line":15,"column":23},"end":{"line":15,"column":null}},"1":{"start":{"line":16,"column":37},"end":{"line":16,"column":null}},"2":{"start":{"line":22,"column":2},"end":{"line":48,"column":null}},"3":{"start":{"line":24,"column":4},"end":{"line":36,"column":null}},"4":{"start":{"line":25,"column":20},"end":{"line":25,"column":null}},"5":{"start":{"line":26,"column":6},"end":{"line":29,"column":null}},"6":{"start":{"line":27,"column":8},"end":{"line":27,"column":null}},"7":{"start":{"line":28,"column":8},"end":{"line":28,"column":null}},"8":{"start":{"line":32,"column":6},"end":{"line":35,"column":null}},"9":{"start":{"line":33,"column":8},"end":{"line":33,"column":null}},"10":{"start":{"line":34,"column":8},"end":{"line":34,"column":null}},"11":{"start":{"line":39,"column":4},"end":{"line":42,"column":null}},"12":{"start":{"line":40,"column":6},"end":{"line":40,"column":null}},"13":{"start":{"line":41,"column":6},"end":{"line":41,"column":null}},"14":{"start":{"line":44,"column":4},"end":{"line":44,"column":null}},"15":{"start":{"line":46,"column":4},"end":{"line":46,"column":null}},"16":{"start":{"line":47,"column":4},"end":{"line":47,"column":null}},"17":{"start":{"line":55,"column":2},"end":{"line":82,"column":null}},"18":{"start":{"line":57,"column":4},"end":{"line":59,"column":null}},"19":{"start":{"line":58,"column":6},"end":{"line":58,"column":null}},"20":{"start":{"line":62,"column":19},"end":{"line":62,"column":null}},"21":{"start":{"line":63,"column":4},"end":{"line":65,"column":null}},"22":{"start":{"line":64,"column":6},"end":{"line":64,"column":null}},"23":{"start":{"line":68,"column":17},"end":{"line":68,"column":null}},"24":{"start":{"line":69,"column":4},"end":{"line":69,"column":null}},"25":{"start":{"line":70,"column":4},"end":{"line":70,"column":null}},"26":{"start":{"line":71,"column":4},"end":{"line":71,"column":null}},"27":{"start":{"line":74,"column":4},"end":{"line":74,"column":null}},"28":{"start":{"line":77,"column":4},"end":{"line":77,"column":null}},"29":{"start":{"line":79,"column":4},"end":{"line":79,"column":null}},"30":{"start":{"line":81,"column":4},"end":{"line":81,"column":null}},"31":{"start":{"line":89,"column":2},"end":{"line":132,"column":null}},"32":{"start":{"line":90,"column":4},"end":{"line":92,"column":null}},"33":{"start":{"line":91,"column":6},"end":{"line":91,"column":null}},"34":{"start":{"line":95,"column":18},"end":{"line":95,"column":null}},"35":{"start":{"line":97,"column":4},"end":{"line":127,"column":null}},"36":{"start":{"line":98,"column":6},"end":{"line":126,"column":null}},"37":{"start":{"line":99,"column":21},"end":{"line":99,"column":null}},"38":{"start":{"line":100,"column":8},"end":{"line":102,"column":null}},"39":{"start":{"line":101,"column":10},"end":{"line":101,"column":null}},"40":{"start":{"line":105,"column":8},"end":{"line":110,"column":null}},"41":{"start":{"line":107,"column":10},"end":{"line":109,"column":null}},"42":{"start":{"line":108,"column":12},"end":{"line":108,"column":null}},"43":{"start":{"line":112,"column":8},"end":{"line":117,"column":null}},"44":{"start":{"line":113,"column":10},"end":{"line":116,"column":null}},"45":{"start":{"line":114,"column":12},"end":{"line":114,"column":null}},"46":{"start":{"line":115,"column":12},"end":{"line":115,"column":null}},"47":{"start":{"line":120,"column":8},"end":{"line":122,"column":null}},"48":{"start":{"line":121,"column":10},"end":{"line":121,"column":null}},"49":{"start":{"line":125,"column":8},"end":{"line":125,"column":null}},"50":{"start":{"line":129,"column":4},"end":{"line":129,"column":null}},"51":{"start":{"line":131,"column":4},"end":{"line":131,"column":null}},"52":{"start":{"line":139,"column":2},"end":{"line":142,"column":null}},"53":{"start":{"line":140,"column":4},"end":{"line":140,"column":null}},"54":{"start":{"line":141,"column":4},"end":{"line":141,"column":null}},"55":{"start":{"line":143,"column":2},"end":{"line":143,"column":null}},"56":{"start":{"line":147,"column":0},"end":{"line":151,"column":null}},"57":{"start":{"line":148,"column":2},"end":{"line":148,"column":null}},"58":{"start":{"line":150,"column":2},"end":{"line":150,"column":null}},"59":{"start":{"line":154,"column":0},"end":{"line":154,"column":null}},"60":{"start":{"line":157,"column":0},"end":{"line":157,"column":null}}},"fnMap":{"0":{"name":"shouldPrefetch","decl":{"start":{"line":21,"column":9},"end":{"line":21,"column":35}},"loc":{"start":{"line":21,"column":35},"end":{"line":49,"column":null}},"line":21},"1":{"name":"prefetchUrl","decl":{"start":{"line":54,"column":9},"end":{"line":54,"column":21}},"loc":{"start":{"line":54,"column":40},"end":{"line":83,"column":null}},"line":54},"2":{"name":"initPrefetch","decl":{"start":{"line":88,"column":16},"end":{"line":88,"column":37}},"loc":{"start":{"line":88,"column":37},"end":{"line":133,"column":null}},"line":88},"3":{"name":"(anonymous_3)","decl":{"start":{"line":97,"column":18},"end":{"line":97,"column":26}},"loc":{"start":{"line":97,"column":26},"end":{"line":127,"column":5}},"line":97},"4":{"name":"(anonymous_4)","decl":{"start":{"line":105,"column":44},"end":{"line":105,"column":50}},"loc":{"start":{"line":105,"column":50},"end":{"line":110,"column":9}},"line":105},"5":{"name":"(anonymous_5)","decl":{"start":{"line":107,"column":46},"end":{"line":107,"column":52}},"loc":{"start":{"line":107,"column":52},"end":{"line":109,"column":13}},"line":107},"6":{"name":"(anonymous_6)","decl":{"start":{"line":112,"column":44},"end":{"line":112,"column":50}},"loc":{"start":{"line":112,"column":50},"end":{"line":117,"column":9}},"line":112},"7":{"name":"(anonymous_7)","decl":{"start":{"line":120,"column":44},"end":{"line":120,"column":50}},"loc":{"start":{"line":120,"column":50},"end":{"line":122,"column":11}},"line":120},"8":{"name":"cleanupPrefetch","decl":{"start":{"line":138,"column":16},"end":{"line":138,"column":40}},"loc":{"start":{"line":138,"column":40},"end":{"line":144,"column":null}},"line":138}},"branchMap":{"0":{"loc":{"start":{"line":24,"column":4},"end":{"line":36,"column":null}},"type":"if","locations":[{"start":{"line":24,"column":4},"end":{"line":36,"column":null}},{"start":{},"end":{}}],"line":24},"1":{"loc":{"start":{"line":26,"column":6},"end":{"line":29,"column":null}},"type":"if","locations":[{"start":{"line":26,"column":6},"end":{"line":29,"column":null}},{"start":{},"end":{}}],"line":26},"2":{"loc":{"start":{"line":32,"column":6},"end":{"line":35,"column":null}},"type":"if","locations":[{"start":{"line":32,"column":6},"end":{"line":35,"column":null}},{"start":{},"end":{}}],"line":32},"3":{"loc":{"start":{"line":32,"column":10},"end":{"line":32,"column":77}},"type":"binary-expr","locations":[{"start":{"line":32,"column":10},"end":{"line":32,"column":47}},{"start":{"line":32,"column":47},"end":{"line":32,"column":77}}],"line":32},"4":{"loc":{"start":{"line":39,"column":4},"end":{"line":42,"column":null}},"type":"if","locations":[{"start":{"line":39,"column":4},"end":{"line":42,"column":null}},{"start":{},"end":{}}],"line":39},"5":{"loc":{"start":{"line":57,"column":4},"end":{"line":59,"column":null}},"type":"if","locations":[{"start":{"line":57,"column":4},"end":{"line":59,"column":null}},{"start":{},"end":{}}],"line":57},"6":{"loc":{"start":{"line":63,"column":4},"end":{"line":65,"column":null}},"type":"if","locations":[{"start":{"line":63,"column":4},"end":{"line":65,"column":null}},{"start":{},"end":{}}],"line":63},"7":{"loc":{"start":{"line":90,"column":4},"end":{"line":92,"column":null}},"type":"if","locations":[{"start":{"line":90,"column":4},"end":{"line":92,"column":null}},{"start":{},"end":{}}],"line":90},"8":{"loc":{"start":{"line":100,"column":8},"end":{"line":102,"column":null}},"type":"if","locations":[{"start":{"line":100,"column":8},"end":{"line":102,"column":null}},{"start":{},"end":{}}],"line":100},"9":{"loc":{"start":{"line":100,"column":12},"end":{"line":100,"column":100}},"type":"binary-expr","locations":[{"start":{"line":100,"column":12},"end":{"line":100,"column":21}},{"start":{"line":100,"column":21},"end":{"line":100,"column":45}},{"start":{"line":100,"column":45},"end":{"line":100,"column":75}},{"start":{"line":100,"column":75},"end":{"line":100,"column":100}}],"line":100},"10":{"loc":{"start":{"line":113,"column":10},"end":{"line":116,"column":null}},"type":"if","locations":[{"start":{"line":113,"column":10},"end":{"line":116,"column":null}},{"start":{},"end":{}}],"line":113},"11":{"loc":{"start":{"line":139,"column":2},"end":{"line":142,"column":null}},"type":"if","locations":[{"start":{"line":139,"column":2},"end":{"line":142,"column":null}},{"start":{},"end":{}}],"line":139},"12":{"loc":{"start":{"line":147,"column":0},"end":{"line":151,"column":null}},"type":"if","locations":[{"start":{"line":147,"column":0},"end":{"line":151,"column":null}},{"start":{"line":149,"column":7},"end":{"line":151,"column":null}}],"line":147}},"s":{"0":1,"1":1,"2":14,"3":14,"4":12,"5":12,"6":2,"7":2,"8":10,"9":0,"10":0,"11":12,"12":0,"13":0,"14":12,"15":0,"16":0,"17":0,"18":0,"19":0,"20":0,"21":0,"22":0,"23":0,"24":0,"25":0,"26":0,"27":0,"28":0,"29":0,"30":0,"31":14,"32":14,"33":2,"34":12,"35":12,"36":9,"37":9,"38":9,"39":8,"40":1,"41":0,"42":0,"43":1,"44":0,"45":0,"46":0,"47":1,"48":0,"49":0,"50":12,"51":1,"52":16,"53":0,"54":0,"55":16,"56":1,"57":0,"58":1,"59":1,"60":1},"f":{"0":14,"1":0,"2":14,"3":9,"4":0,"5":0,"6":0,"7":0,"8":16},"b":{"0":[12,2],"1":[2,10],"2":[0,10],"3":[10,10],"4":[0,12],"5":[0,0],"6":[0,0],"7":[2,12],"8":[8,1],"9":[9,4,3,2],"10":[0,0],"11":[0,16],"12":[0,1]},"meta":{"lastBranch":13,"lastFunction":9,"lastStatement":61,"seen":{"s:15:23:15:Infinity":0,"s:16:37:16:Infinity":1,"f:21:9:21:35":0,"s:22:2:48:Infinity":2,"b:24:4:36:Infinity:undefined:undefined:undefined:undefined":0,"s:24:4:36:Infinity":3,"s:25:20:25:Infinity":4,"b:26:6:29:Infinity:undefined:undefined:undefined:undefined":1,"s:26:6:29:Infinity":5,"s:27:8:27:Infinity":6,"s:28:8:28:Infinity":7,"b:32:6:35:Infinity:undefined:undefined:undefined:undefined":2,"s:32:6:35:Infinity":8,"b:32:10:32:47:32:47:32:77":3,"s:33:8:33:Infinity":9,"s:34:8:34:Infinity":10,"b:39:4:42:Infinity:undefined:undefined:undefined:undefined":4,"s:39:4:42:Infinity":11,"s:40:6:40:Infinity":12,"s:41:6:41:Infinity":13,"s:44:4:44:Infinity":14,"s:46:4:46:Infinity":15,"s:47:4:47:Infinity":16,"f:54:9:54:21":1,"s:55:2:82:Infinity":17,"b:57:4:59:Infinity:undefined:undefined:undefined:undefined":5,"s:57:4:59:Infinity":18,"s:58:6:58:Infinity":19,"s:62:19:62:Infinity":20,"b:63:4:65:Infinity:undefined:undefined:undefined:undefined":6,"s:63:4:65:Infinity":21,"s:64:6:64:Infinity":22,"s:68:17:68:Infinity":23,"s:69:4:69:Infinity":24,"s:70:4:70:Infinity":25,"s:71:4:71:Infinity":26,"s:74:4:74:Infinity":27,"s:77:4:77:Infinity":28,"s:79:4:79:Infinity":29,"s:81:4:81:Infinity":30,"f:88:16:88:37":2,"s:89:2:132:Infinity":31,"b:90:4:92:Infinity:undefined:undefined:undefined:undefined":7,"s:90:4:92:Infinity":32,"s:91:6:91:Infinity":33,"s:95:18:95:Infinity":34,"s:97:4:127:Infinity":35,"f:97:18:97:26":3,"s:98:6:126:Infinity":36,"s:99:21:99:Infinity":37,"b:100:8:102:Infinity:undefined:undefined:undefined:undefined":8,"s:100:8:102:Infinity":38,"b:100:12:100:21:100:21:100:45:100:45:100:75:100:75:100:100":9,"s:101:10:101:Infinity":39,"s:105:8:110:Infinity":40,"f:105:44:105:50":4,"s:107:10:109:Infinity":41,"f:107:46:107:52":5,"s:108:12:108:Infinity":42,"s:112:8:117:Infinity":43,"f:112:44:112:50":6,"b:113:10:116:Infinity:undefined:undefined:undefined:undefined":10,"s:113:10:116:Infinity":44,"s:114:12:114:Infinity":45,"s:115:12:115:Infinity":46,"s:120:8:122:Infinity":47,"f:120:44:120:50":7,"s:121:10:121:Infinity":48,"s:125:8:125:Infinity":49,"s:129:4:129:Infinity":50,"s:131:4:131:Infinity":51,"f:138:16:138:40":8,"b:139:2:142:Infinity:undefined:undefined:undefined:undefined":11,"s:139:2:142:Infinity":52,"s:140:4:140:Infinity":53,"s:141:4:141:Infinity":54,"s:143:2:143:Infinity":55,"b:147:0:151:Infinity:149:7:151:Infinity":12,"s:147:0:151:Infinity":56,"s:148:2:148:Infinity":57,"s:150:2:150:Infinity":58,"s:154:0:154:Infinity":59,"s:157:0:157:Infinity":60}}}
}
