TN:
SF:src\scripts\performance-monitor.ts
FN:27,logMetric
FN:40,trackLCP
FN:42,(anonymous_2)
FN:61,trackFID
FN:63,(anonymous_4)
FN:65,(anonymous_5)
FN:80,trackCLS
FN:84,(anonymous_7)
FN:86,(anonymous_8)
FN:107,trackTTFB
FN:123,trackFCP
FN:125,(anonymous_11)
FN:127,(anonymous_12)
FN:144,getMetrics
FN:151,logSummary
FN:162,initPerformanceMonitoring
FN:178,(anonymous_16)
FNF:17
FNH:8
FNDA:0,logMetric
FNDA:9,trackLCP
FNDA:0,(anonymous_2)
FNDA:9,trackFID
FNDA:0,(anonymous_4)
FNDA:0,(anonymous_5)
FNDA:9,trackCLS
FNDA:0,(anonymous_7)
FNDA:0,(anonymous_8)
FNDA:9,trackTTFB
FNDA:9,trackFCP
FNDA:0,(anonymous_11)
FNDA:0,(anonymous_12)
FNDA:4,getMetrics
FNDA:2,logSummary
FNDA:9,initPerformanceMonitoring
FNDA:0,(anonymous_16)
DA:21,1
DA:22,1
DA:28,0
DA:30,0
DA:34,0
DA:41,9
DA:42,9
DA:43,0
DA:44,0
DA:46,0
DA:47,0
DA:48,0
DA:52,9
DA:54,0
DA:62,9
DA:63,9
DA:64,0
DA:65,0
DA:66,0
DA:67,0
DA:71,9
DA:73,0
DA:81,9
DA:82,9
DA:84,9
DA:85,0
DA:86,0
DA:87,0
DA:88,0
DA:89,0
DA:93,0
DA:94,0
DA:98,9
DA:100,0
DA:108,9
DA:109,9
DA:111,9
DA:112,0
DA:113,0
DA:116,0
DA:124,9
DA:125,9
DA:126,0
DA:127,0
DA:128,0
DA:129,0
DA:130,0
DA:135,9
DA:137,0
DA:145,4
DA:152,2
DA:154,2
DA:155,2
DA:156,2
DA:163,9
DA:165,9
DA:166,9
DA:168,9
DA:169,9
DA:170,9
DA:171,9
DA:172,9
DA:175,9
DA:176,9
DA:178,0
DA:179,0
DA:183,0
DA:188,1
DA:189,1
DA:190,0
DA:192,1
LF:71
LH:36
BRDA:28,0,0,0
BRDA:28,0,1,0
BRDA:30,1,0,0
BRDA:30,1,1,0
BRDA:31,2,0,0
BRDA:31,2,1,0
BRDA:46,3,0,0
BRDA:46,3,1,0
BRDA:47,4,0,0
BRDA:47,4,1,0
BRDA:54,5,0,0
BRDA:54,5,1,0
BRDA:73,6,0,0
BRDA:73,6,1,0
BRDA:87,7,0,0
BRDA:87,7,1,0
BRDA:93,8,0,0
BRDA:93,8,1,0
BRDA:100,9,0,0
BRDA:100,9,1,0
BRDA:111,10,0,0
BRDA:111,10,1,9
BRDA:116,11,0,0
BRDA:116,11,1,0
BRDA:128,12,0,0
BRDA:128,12,1,0
BRDA:137,13,0,0
BRDA:137,13,1,0
BRDA:152,14,0,0
BRDA:152,14,1,2
BRDA:163,15,0,0
BRDA:163,15,1,9
BRDA:175,16,0,9
BRDA:175,16,1,0
BRDA:188,17,0,1
BRDA:188,17,1,0
BRDA:189,18,0,0
BRDA:189,18,1,1
BRF:38
BRH:6
end_of_record
TN:
SF:src\scripts\prefetch.ts
FN:21,shouldPrefetch
FN:54,prefetchUrl
FN:88,initPrefetch
FN:97,(anonymous_3)
FN:105,(anonymous_4)
FN:107,(anonymous_5)
FN:112,(anonymous_6)
FN:120,(anonymous_7)
FN:138,cleanupPrefetch
FNF:9
FNH:4
FNDA:14,shouldPrefetch
FNDA:0,prefetchUrl
FNDA:14,initPrefetch
FNDA:9,(anonymous_3)
FNDA:0,(anonymous_4)
FNDA:0,(anonymous_5)
FNDA:0,(anonymous_6)
FNDA:0,(anonymous_7)
FNDA:16,cleanupPrefetch
DA:15,1
DA:16,1
DA:22,14
DA:24,14
DA:25,12
DA:26,12
DA:27,2
DA:28,2
DA:32,10
DA:33,0
DA:34,0
DA:39,12
DA:40,0
DA:41,0
DA:44,12
DA:46,0
DA:47,0
DA:55,0
DA:57,0
DA:58,0
DA:62,0
DA:63,0
DA:64,0
DA:68,0
DA:69,0
DA:70,0
DA:71,0
DA:74,0
DA:77,0
DA:79,0
DA:81,0
DA:89,14
DA:90,14
DA:91,2
DA:95,12
DA:97,12
DA:98,9
DA:99,9
DA:100,9
DA:101,8
DA:105,1
DA:107,0
DA:108,0
DA:112,1
DA:113,0
DA:114,0
DA:115,0
DA:120,1
DA:121,0
DA:125,0
DA:129,12
DA:131,1
DA:139,16
DA:140,0
DA:141,0
DA:143,16
DA:147,1
DA:148,0
DA:150,1
DA:154,1
DA:157,1
LF:61
LH:31
BRDA:24,0,0,12
BRDA:24,0,1,2
BRDA:26,1,0,2
BRDA:26,1,1,10
BRDA:32,2,0,0
BRDA:32,2,1,10
BRDA:32,3,0,10
BRDA:32,3,1,10
BRDA:39,4,0,0
BRDA:39,4,1,12
BRDA:57,5,0,0
BRDA:57,5,1,0
BRDA:63,6,0,0
BRDA:63,6,1,0
BRDA:90,7,0,2
BRDA:90,7,1,12
BRDA:100,8,0,8
BRDA:100,8,1,1
BRDA:100,9,0,9
BRDA:100,9,1,4
BRDA:100,9,2,3
BRDA:100,9,3,2
BRDA:113,10,0,0
BRDA:113,10,1,0
BRDA:139,11,0,0
BRDA:139,11,1,16
BRDA:147,12,0,0
BRDA:147,12,1,1
BRF:28
BRH:18
end_of_record
